#
# There is insufficient memory for the Java Runtime Environment to continue.
# Native memory allocation (malloc) failed to allocate 32744 bytes for ChunkPool::allocate
# Possible reasons:
#   The system is out of physical RAM or swap space
#   In 32 bit mode, the process size limit was hit
# Possible solutions:
#   Reduce memory load on the system
#   Increase physical memory or swap space
#   Check if swap backing store is full
#   Use 64 bit Java on a 64 bit OS
#   Decrease Java heap size (-Xmx/-Xms)
#   Decrease number of Java threads
#   Decrease Java thread stack sizes (-Xss)
#   Set larger code cache with -XX:ReservedCodeCacheSize=
# This output file may be truncated or incomplete.
#
#  Out of Memory Error (allocation.cpp:273), pid=10848, tid=0x0000000000002de0
#
# JRE version: Java(TM) SE Runtime Environment (8.0_191-b12) (build 1.8.0_191-b12)
# Java VM: Java HotSpot(TM) 64-Bit Server VM (25.191-b12 mixed mode windows-amd64 compressed oops)
# Failed to write core dump. Minidumps are not enabled by default on client versions of Windows
#

---------------  T H R E A D  ---------------

Current thread (0x000000001778f000):  JavaThread "C1 CompilerThread1" daemon [_thread_in_native, id=11744, stack(0x0000000018880000,0x0000000018980000)]

Stack: [0x0000000018880000,0x0000000018980000]
[error occurred during error reporting (printing stack bounds), id 0xc0000005]

Native frames: (J=compiled Java code, j=interpreted, Vv=VM code, C=native code)


Current CompileTask:
C1:  56072 2583   !   3       java.awt.DefaultKeyboardFocusManager::dispatchEvent (1640 bytes)


---------------  P R O C E S S  ---------------

Java Threads: ( => current thread )
  0x000000001c065000 JavaThread "TimerQueue" daemon [_thread_blocked, id=4788, stack(0x000000001da50000,0x000000001db50000)]
  0x000000001947f000 JavaThread "pool-1-thread-1" [_thread_blocked, id=8032, stack(0x000000001ca50000,0x000000001cb50000)]
  0x00000000196de800 JavaThread "mysql-cj-abandoned-connection-cleanup" daemon [_thread_blocked, id=7284, stack(0x000000001a350000,0x000000001a450000)]
  0x0000000002d22800 JavaThread "DestroyJavaVM" [_thread_blocked, id=8004, stack(0x0000000002b30000,0x0000000002c30000)]
  0x000000001915d000 JavaThread "AWT-EventQueue-0" [_thread_blocked, id=7144, stack(0x0000000019bd0000,0x0000000019cd0000)]
  0x0000000019146800 JavaThread "AWT-Windows" daemon [_thread_in_native, id=6820, stack(0x0000000019ad0000,0x0000000019bd0000)]
  0x000000001909f000 JavaThread "AWT-Shutdown" [_thread_blocked, id=11552, stack(0x00000000199d0000,0x0000000019ad0000)]
  0x000000001909c000 JavaThread "Java2D Disposer" daemon [_thread_blocked, id=11000, stack(0x00000000198d0000,0x00000000199d0000)]
  0x00000000177a0800 JavaThread "Service Thread" daemon [_thread_blocked, id=12216, stack(0x0000000018980000,0x0000000018a80000)]
=>0x000000001778f000 JavaThread "C1 CompilerThread1" daemon [_thread_in_native, id=11744, stack(0x0000000018880000,0x0000000018980000)]
  0x0000000017740800 JavaThread "C2 CompilerThread0" daemon [_thread_blocked, id=2744, stack(0x0000000018780000,0x0000000018880000)]
  0x000000001773f000 JavaThread "Attach Listener" daemon [_thread_blocked, id=7104, stack(0x0000000018680000,0x0000000018780000)]
  0x000000001773c000 JavaThread "Signal Dispatcher" daemon [_thread_blocked, id=6424, stack(0x0000000018580000,0x0000000018680000)]
  0x0000000002e12000 JavaThread "Finalizer" daemon [_thread_blocked, id=9440, stack(0x0000000018370000,0x0000000018470000)]
  0x0000000017728000 JavaThread "Reference Handler" daemon [_thread_blocked, id=11760, stack(0x0000000018270000,0x0000000018370000)]

Other Threads:
  0x0000000017707000 VMThread [stack: 0x0000000018170000,0x0000000018270000] [id=6496]
  0x00000000177b4800 WatcherThread [stack: 0x0000000018bd0000,0x0000000018cd0000] [id=11576]

VM state:not at safepoint (normal execution)

VM Mutex/Monitor currently owned by a thread: None

Heap:
 PSYoungGen      total 38400K, used 30360K [0x00000000d5d00000, 0x00000000d9400000, 0x0000000100000000)
  eden space 33280K, 75% used [0x00000000d5d00000,0x00000000d75a9090,0x00000000d7d80000)
  from space 5120K, 99% used [0x00000000d8280000,0x00000000d877d190,0x00000000d8780000)
  to   space 5120K, 0% used [0x00000000d7d80000,0x00000000d7d80000,0x00000000d8280000)
 ParOldGen       total 86528K, used 18208K [0x0000000081600000, 0x0000000086a80000, 0x00000000d5d00000)
  object space 86528K, 21% used [0x0000000081600000,0x00000000827c81e0,0x0000000086a80000)
 Metaspace       used 33510K, capacity 33886K, committed 34304K, reserved 1079296K
  class space    used 4383K, capacity 4483K, committed 4608K, reserved 1048576K

Card table byte_map: [0x00000000121e0000,0x00000000125e0000] byte_map_base: 0x0000000011dd5000

Marking Bits: (ParMarkBitMap*) 0x000000006b3c3e30
 Begin Bits: [0x0000000012a90000, 0x0000000014a38000)
 End Bits:   [0x0000000014a38000, 0x00000000169e0000)

Polling page: 0x0000000002a30000

CodeCache: size=245760Kb used=7314Kb max_used=7314Kb free=238445Kb
 bounds [0x0000000002e20000, 0x0000000003550000, 0x0000000011e20000]
 total_blobs=3076 nmethods=2435 adapters=552
 compilation: enabled

Compilation events (10 events):
Event: 55.157 Thread 0x000000001778f000 nmethod 2578 0x0000000003548d50 code [0x0000000003548f00, 0x00000000035494d8]
Event: 55.157 Thread 0x000000001778f000 2579       3       java.awt.LightweightDispatcher::isMouseGrab (49 bytes)
Event: 55.158 Thread 0x000000001778f000 nmethod 2579 0x0000000003549650 code [0x00000000035497e0, 0x0000000003549df8]
Event: 55.887 Thread 0x000000001778f000 2580       3       java.lang.ref.SoftReference::<init> (14 bytes)
Event: 55.887 Thread 0x000000001778f000 nmethod 2580 0x0000000003549f50 code [0x000000000354a0c0, 0x000000000354a370]
Event: 55.888 Thread 0x000000001778f000 2581  s    3       sun.java2d.loops.TransformHelper::getFromCache (43 bytes)
Event: 55.888 Thread 0x000000001778f000 nmethod 2581 0x000000000354a450 code [0x000000000354a620, 0x000000000354ae08]
Event: 55.997 Thread 0x000000001778f000 2582   !   3       sun.awt.GlobalCursorManager$NativeUpdater::run (43 bytes)
Event: 55.998 Thread 0x000000001778f000 nmethod 2582 0x000000000354b010 code [0x000000000354b180, 0x000000000354b5a8]
Event: 55.998 Thread 0x000000001778f000 2583   !   3       java.awt.DefaultKeyboardFocusManager::dispatchEvent (1640 bytes)

GC Heap History (10 events):
Event: 9.044 GC heap before
{Heap before GC invocations=1 (full 0):
 PSYoungGen      total 38400K, used 33280K [0x00000000d5d00000, 0x00000000d8780000, 0x0000000100000000)
  eden space 33280K, 100% used [0x00000000d5d00000,0x00000000d7d80000,0x00000000d7d80000)
  from space 5120K, 0% used [0x00000000d8280000,0x00000000d8280000,0x00000000d8780000)
  to   space 5120K, 0% used [0x00000000d7d80000,0x00000000d7d80000,0x00000000d8280000)
 ParOldGen       total 87552K, used 0K [0x0000000081600000, 0x0000000086b80000, 0x00000000d5d00000)
  object space 87552K, 0% used [0x0000000081600000,0x0000000081600000,0x0000000086b80000)
 Metaspace       used 13324K, capacity 13516K, committed 13696K, reserved 1060864K
  class space    used 1730K, capacity 1800K, committed 1920K, reserved 1048576K
Event: 9.058 GC heap after
Heap after GC invocations=1 (full 0):
 PSYoungGen      total 38400K, used 3661K [0x00000000d5d00000, 0x00000000d8780000, 0x0000000100000000)
  eden space 33280K, 0% used [0x00000000d5d00000,0x00000000d5d00000,0x00000000d7d80000)
  from space 5120K, 71% used [0x00000000d7d80000,0x00000000d81136c0,0x00000000d8280000)
  to   space 5120K, 0% used [0x00000000d8280000,0x00000000d8280000,0x00000000d8780000)
 ParOldGen       total 87552K, used 14078K [0x0000000081600000, 0x0000000086b80000, 0x00000000d5d00000)
  object space 87552K, 16% used [0x0000000081600000,0x00000000823bf830,0x0000000086b80000)
 Metaspace       used 13324K, capacity 13516K, committed 13696K, reserved 1060864K
  class space    used 1730K, capacity 1800K, committed 1920K, reserved 1048576K
}
Event: 11.551 GC heap before
{Heap before GC invocations=2 (full 0):
 PSYoungGen      total 38400K, used 36941K [0x00000000d5d00000, 0x00000000d8780000, 0x0000000100000000)
  eden space 33280K, 100% used [0x00000000d5d00000,0x00000000d7d80000,0x00000000d7d80000)
  from space 5120K, 71% used [0x00000000d7d80000,0x00000000d81136c0,0x00000000d8280000)
  to   space 5120K, 0% used [0x00000000d8280000,0x00000000d8280000,0x00000000d8780000)
 ParOldGen       total 87552K, used 14078K [0x0000000081600000, 0x0000000086b80000, 0x00000000d5d00000)
  object space 87552K, 16% used [0x0000000081600000,0x00000000823bf830,0x0000000086b80000)
 Metaspace       used 19941K, capacity 20216K, committed 20352K, reserved 1067008K
  class space    used 2572K, capacity 2668K, committed 2688K, reserved 1048576K
Event: 11.561 GC heap after
Heap after GC invocations=2 (full 0):
 PSYoungGen      total 38400K, used 5098K [0x00000000d5d00000, 0x00000000d8780000, 0x0000000100000000)
  eden space 33280K, 0% used [0x00000000d5d00000,0x00000000d5d00000,0x00000000d7d80000)
  from space 5120K, 99% used [0x00000000d8280000,0x00000000d877ab50,0x00000000d8780000)
  to   space 5120K, 0% used [0x00000000d7d80000,0x00000000d7d80000,0x00000000d8280000)
 ParOldGen       total 87552K, used 15759K [0x0000000081600000, 0x0000000086b80000, 0x00000000d5d00000)
  object space 87552K, 17% used [0x0000000081600000,0x0000000082563d20,0x0000000086b80000)
 Metaspace       used 19941K, capacity 20216K, committed 20352K, reserved 1067008K
  class space    used 2572K, capacity 2668K, committed 2688K, reserved 1048576K
}
Event: 11.915 GC heap before
{Heap before GC invocations=3 (full 0):
 PSYoungGen      total 38400K, used 10845K [0x00000000d5d00000, 0x00000000d8780000, 0x0000000100000000)
  eden space 33280K, 17% used [0x00000000d5d00000,0x00000000d629cc50,0x00000000d7d80000)
  from space 5120K, 99% used [0x00000000d8280000,0x00000000d877ab50,0x00000000d8780000)
  to   space 5120K, 0% used [0x00000000d7d80000,0x00000000d7d80000,0x00000000d8280000)
 ParOldGen       total 87552K, used 15759K [0x0000000081600000, 0x0000000086b80000, 0x00000000d5d00000)
  object space 87552K, 17% used [0x0000000081600000,0x0000000082563d20,0x0000000086b80000)
 Metaspace       used 20908K, capacity 21118K, committed 21248K, reserved 1067008K
  class space    used 2729K, capacity 2797K, committed 2816K, reserved 1048576K
Event: 11.923 GC heap after
Heap after GC invocations=3 (full 0):
 PSYoungGen      total 38400K, used 5099K [0x00000000d5d00000, 0x00000000d8780000, 0x0000000100000000)
  eden space 33280K, 0% used [0x00000000d5d00000,0x00000000d5d00000,0x00000000d7d80000)
  from space 5120K, 99% used [0x00000000d7d80000,0x00000000d827af40,0x00000000d8280000)
  to   space 5120K, 0% used [0x00000000d8280000,0x00000000d8280000,0x00000000d8780000)
 ParOldGen       total 87552K, used 16163K [0x0000000081600000, 0x0000000086b80000, 0x00000000d5d00000)
  object space 87552K, 18% used [0x0000000081600000,0x00000000825c8ee8,0x0000000086b80000)
 Metaspace       used 20908K, capacity 21118K, committed 21248K, reserved 1067008K
  class space    used 2729K, capacity 2797K, committed 2816K, reserved 1048576K
}
Event: 11.923 GC heap before
{Heap before GC invocations=4 (full 1):
 PSYoungGen      total 38400K, used 5099K [0x00000000d5d00000, 0x00000000d8780000, 0x0000000100000000)
  eden space 33280K, 0% used [0x00000000d5d00000,0x00000000d5d00000,0x00000000d7d80000)
  from space 5120K, 99% used [0x00000000d7d80000,0x00000000d827af40,0x00000000d8280000)
  to   space 5120K, 0% used [0x00000000d8280000,0x00000000d8280000,0x00000000d8780000)
 ParOldGen       total 87552K, used 16163K [0x0000000081600000, 0x0000000086b80000, 0x00000000d5d00000)
  object space 87552K, 18% used [0x0000000081600000,0x00000000825c8ee8,0x0000000086b80000)
 Metaspace       used 20908K, capacity 21118K, committed 21248K, reserved 1067008K
  class space    used 2729K, capacity 2797K, committed 2816K, reserved 1048576K
Event: 12.072 GC heap after
Heap after GC invocations=4 (full 1):
 PSYoungGen      total 38400K, used 0K [0x00000000d5d00000, 0x00000000d8780000, 0x0000000100000000)
  eden space 33280K, 0% used [0x00000000d5d00000,0x00000000d5d00000,0x00000000d7d80000)
  from space 5120K, 0% used [0x00000000d7d80000,0x00000000d7d80000,0x00000000d8280000)
  to   space 5120K, 0% used [0x00000000d8280000,0x00000000d8280000,0x00000000d8780000)
 ParOldGen       total 86528K, used 16214K [0x0000000081600000, 0x0000000086a80000, 0x00000000d5d00000)
  object space 86528K, 18% used [0x0000000081600000,0x00000000825d5b80,0x0000000086a80000)
 Metaspace       used 20908K, capacity 21118K, committed 21248K, reserved 1067008K
  class space    used 2729K, capacity 2797K, committed 2816K, reserved 1048576K
}
Event: 14.610 GC heap before
{Heap before GC invocations=5 (full 1):
 PSYoungGen      total 38400K, used 33280K [0x00000000d5d00000, 0x00000000d8780000, 0x0000000100000000)
  eden space 33280K, 100% used [0x00000000d5d00000,0x00000000d7d80000,0x00000000d7d80000)
  from space 5120K, 0% used [0x00000000d7d80000,0x00000000d7d80000,0x00000000d8280000)
  to   space 5120K, 0% used [0x00000000d8280000,0x00000000d8280000,0x00000000d8780000)
 ParOldGen       total 86528K, used 16214K [0x0000000081600000, 0x0000000086a80000, 0x00000000d5d00000)
  object space 86528K, 18% used [0x0000000081600000,0x00000000825d5b80,0x0000000086a80000)
 Metaspace       used 28052K, capacity 28416K, committed 28672K, reserved 1075200K
  class space    used 3660K, capacity 3752K, committed 3840K, reserved 1048576K
Event: 14.623 GC heap after
Heap after GC invocations=5 (full 1):
 PSYoungGen      total 38400K, used 5108K [0x00000000d5d00000, 0x00000000d9400000, 0x0000000100000000)
  eden space 33280K, 0% used [0x00000000d5d00000,0x00000000d5d00000,0x00000000d7d80000)
  from space 5120K, 99% used [0x00000000d8280000,0x00000000d877d190,0x00000000d8780000)
  to   space 5120K, 0% used [0x00000000d7d80000,0x00000000d7d80000,0x00000000d8280000)
 ParOldGen       total 86528K, used 18208K [0x0000000081600000, 0x0000000086a80000, 0x00000000d5d00000)
  object space 86528K, 21% used [0x0000000081600000,0x00000000827c81e0,0x0000000086a80000)
 Metaspace       used 28052K, capacity 28416K, committed 28672K, reserved 1075200K
  class space    used 3660K, capacity 3752K, committed 3840K, reserved 1048576K
}

Deoptimization events (10 events):
Event: 12.400 Thread 0x000000001915d000 Uncommon trap: reason=unstable_if action=reinterpret pc=0x00000000032f2284 method=java.util.Properties$LineReader.readLine()I @ 252
Event: 12.400 Thread 0x000000001915d000 Uncommon trap: reason=unstable_if action=reinterpret pc=0x00000000032eef54 method=java.util.Properties.loadConvert([CII[C)Ljava/lang/String; @ 4
Event: 12.451 Thread 0x000000001915d000 Uncommon trap: reason=predicate action=maybe_recompile pc=0x00000000032bf5b4 method=sun.net.www.ParseUtil.encodePath(Ljava/lang/String;Z)Ljava/lang/String; @ 36
Event: 14.976 Thread 0x000000001915d000 Uncommon trap: reason=unstable_if action=reinterpret pc=0x000000000326b588 method=java.io.WinNTFileSystem.normalize(Ljava/lang/String;)Ljava/lang/String; @ 128
Event: 30.652 Thread 0x000000001915d000 Uncommon trap: reason=unstable_if action=reinterpret pc=0x0000000002f48080 method=java.lang.CharacterData.of(I)Ljava/lang/CharacterData; @ 4
Event: 31.084 Thread 0x000000001915d000 Uncommon trap: reason=unstable_if action=reinterpret pc=0x0000000003354a6c method=java.lang.String.indexOf([CII[CIII)I @ 27
Event: 31.085 Thread 0x000000001915d000 Uncommon trap: reason=unstable_if action=reinterpret pc=0x00000000033519e8 method=java.lang.String.indexOf([CII[CIII)I @ 27
Event: 31.695 Thread 0x000000001915d000 Uncommon trap: reason=null_check action=make_not_entrant pc=0x00000000030a81e0 method=javax.swing.plaf.nimbus.DerivedColor.equals(Ljava/lang/Object;)Z @ 8
Event: 32.078 Thread 0x000000001915d000 Uncommon trap: reason=class_check action=maybe_recompile pc=0x0000000002fa3554 method=java.lang.String.equals(Ljava/lang/Object;)Z @ 8
Event: 32.081 Thread 0x000000001915d000 Uncommon trap: reason=class_check action=maybe_recompile pc=0x0000000002fa3554 method=java.lang.String.equals(Ljava/lang/Object;)Z @ 8

Classes redefined (0 events):
No events

Internal exceptions (10 events):
Event: 2.231 Thread 0x0000000002d22800 Exception <a 'java/lang/ClassNotFoundException': Tree> (0x00000000d619cdb8) thrown at [C:\re\workspace\8-2-build-windows-amd64-cygwin\jdk8u191\11896\hotspot\src\share\vm\classfile\systemDictionary.cpp, line 210]
Event: 2.231 Thread 0x0000000002d22800 Exception <a 'java/lang/ClassNotFoundException': Tree> (0x00000000d619d4f8) thrown at [C:\re\workspace\8-2-build-windows-amd64-cygwin\jdk8u191\11896\hotspot\src\share\vm\classfile\systemDictionary.cpp, line 210]
Event: 2.231 Thread 0x0000000002d22800 Exception <a 'java/lang/ClassNotFoundException': javax/swing/JTreeCell> (0x00000000d619d878) thrown at [C:\re\workspace\8-2-build-windows-amd64-cygwin\jdk8u191\11896\hotspot\src\share\vm\classfile\systemDictionary.cpp, line 210]
Event: 2.231 Thread 0x0000000002d22800 Exception <a 'java/lang/ClassNotFoundException': TreeCell> (0x00000000d619dd00) thrown at [C:\re\workspace\8-2-build-windows-amd64-cygwin\jdk8u191\11896\hotspot\src\share\vm\classfile\systemDictionary.cpp, line 210]
Event: 2.232 Thread 0x0000000002d22800 Exception <a 'java/lang/ClassNotFoundException': RootPane> (0x00000000d619e760) thrown at [C:\re\workspace\8-2-build-windows-amd64-cygwin\jdk8u191\11896\hotspot\src\share\vm\classfile\systemDictionary.cpp, line 210]
Event: 8.826 Thread 0x000000001915d000 Exception <a 'java/lang/ArrayIndexOutOfBoundsException': 18> (0x00000000d7b879d0) thrown at [C:\re\workspace\8-2-build-windows-amd64-cygwin\jdk8u191\11896\hotspot\src\share\vm\interpreter\interpreterRuntime.cpp, line 366]
Event: 8.827 Thread 0x000000001915d000 Exception <a 'java/lang/ArrayIndexOutOfBoundsException': 78> (0x00000000d7b88b80) thrown at [C:\re\workspace\8-2-build-windows-amd64-cygwin\jdk8u191\11896\hotspot\src\share\vm\interpreter\interpreterRuntime.cpp, line 366]
Event: 8.834 Thread 0x000000001915d000 Exception <a 'java/lang/ArrayIndexOutOfBoundsException': 40> (0x00000000d7b8c590) thrown at [C:\re\workspace\8-2-build-windows-amd64-cygwin\jdk8u191\11896\hotspot\src\share\vm\interpreter\interpreterRuntime.cpp, line 366]
Event: 12.726 Thread 0x000000001915d000 Exception <a 'java/lang/NullPointerException'> (0x00000000d669bc48) thrown at [C:\re\workspace\8-2-build-windows-amd64-cygwin\jdk8u191\11896\hotspot\src\share\vm\runtime\reflection.cpp, line 922]
Event: 31.695 Thread 0x000000001915d000 Implicit null exception at 0x00000000030a7eda to 0x00000000030a81d1

Events (10 events):
Event: 43.878 Thread 0x000000001778f000 flushing nmethod 0x0000000003252f10
Event: 43.878 Thread 0x000000001778f000 flushing nmethod 0x00000000032b2c50
Event: 43.878 Thread 0x000000001778f000 flushing nmethod 0x00000000032beb90
Event: 43.878 Thread 0x000000001778f000 flushing nmethod 0x00000000032c5390
Event: 43.878 Thread 0x000000001778f000 flushing nmethod 0x00000000032d6c50
Event: 43.878 Thread 0x000000001778f000 flushing nmethod 0x00000000032e69d0
Event: 43.878 Thread 0x000000001778f000 flushing nmethod 0x00000000032ee650
Event: 43.878 Thread 0x000000001778f000 flushing nmethod 0x00000000032f1910
Event: 43.878 Thread 0x000000001778f000 flushing nmethod 0x0000000003321590
Event: 43.878 Thread 0x000000001778f000 flushing nmethod 0x0000000003355850


Dynamic libraries:
0x00007ff69dc50000 - 0x00007ff69dc87000 	C:\Program Files\Java\jdk1.8.0_191\bin\java.exe
0x00007ff95ce70000 - 0x00007ff95d051000 	C:\WINDOWS\SYSTEM32\ntdll.dll
0x00007ff9574a0000 - 0x00007ff9574b4000 	C:\Program Files\AVAST Software\Avast\aswhook.dll
0x00007ff95c450000 - 0x00007ff95c501000 	C:\WINDOWS\System32\KERNEL32.DLL
0x00007ff9592c0000 - 0x00007ff959533000 	C:\WINDOWS\System32\KERNELBASE.dll
0x00007ff95c900000 - 0x00007ff95c9a1000 	C:\WINDOWS\System32\ADVAPI32.dll
0x00007ff95a820000 - 0x00007ff95a8be000 	C:\WINDOWS\System32\msvcrt.dll
0x00007ff95c840000 - 0x00007ff95c89b000 	C:\WINDOWS\System32\sechost.dll
0x00007ff95a8c0000 - 0x00007ff95a9e4000 	C:\WINDOWS\System32\RPCRT4.dll
0x00007ff95a690000 - 0x00007ff95a820000 	C:\WINDOWS\System32\USER32.dll
0x00007ff959d00000 - 0x00007ff959d20000 	C:\WINDOWS\System32\win32u.dll
0x00007ff95c9b0000 - 0x00007ff95c9d8000 	C:\WINDOWS\System32\GDI32.dll
0x00007ff959d20000 - 0x00007ff959eb1000 	C:\WINDOWS\System32\gdi32full.dll
0x00007ff95a260000 - 0x00007ff95a2ff000 	C:\WINDOWS\System32\msvcp_win.dll
0x00007ff95a0b0000 - 0x00007ff95a1a8000 	C:\WINDOWS\System32\ucrtbase.dll
0x00007ff946ee0000 - 0x00007ff947149000 	C:\WINDOWS\WinSxS\amd64_microsoft.windows.common-controls_6595b64144ccf1df_6.0.17134.950_none_fb3da4273069d3e0\COMCTL32.dll
0x00007ff95c510000 - 0x00007ff95c832000 	C:\WINDOWS\System32\combase.dll
0x00007ff959240000 - 0x00007ff9592b9000 	C:\WINDOWS\System32\bcryptPrimitives.dll
0x00007ff95c420000 - 0x00007ff95c44d000 	C:\WINDOWS\System32\IMM32.DLL
0x000000006aac0000 - 0x000000006ab92000 	C:\Program Files\Java\jdk1.8.0_191\jre\bin\msvcr100.dll
0x000000006aba0000 - 0x000000006b444000 	C:\Program Files\Java\jdk1.8.0_191\jre\bin\server\jvm.dll
0x00007ff95c410000 - 0x00007ff95c418000 	C:\WINDOWS\System32\PSAPI.DLL
0x00007ff949810000 - 0x00007ff949819000 	C:\WINDOWS\SYSTEM32\WSOCK32.dll
0x00007ff95a460000 - 0x00007ff95a4cc000 	C:\WINDOWS\System32\WS2_32.dll
0x00007ff9573d0000 - 0x00007ff9573f3000 	C:\WINDOWS\SYSTEM32\WINMM.dll
0x00007ff954d80000 - 0x00007ff954d8a000 	C:\WINDOWS\SYSTEM32\VERSION.dll
0x00007ff9573a0000 - 0x00007ff9573ca000 	C:\WINDOWS\SYSTEM32\WINMMBASE.dll
0x00007ff959c50000 - 0x00007ff959c99000 	C:\WINDOWS\System32\cfgmgr32.dll
0x000000006aa70000 - 0x000000006aa7f000 	C:\Program Files\Java\jdk1.8.0_191\jre\bin\verify.dll
0x000000006aa40000 - 0x000000006aa69000 	C:\Program Files\Java\jdk1.8.0_191\jre\bin\java.dll
0x000000006aa20000 - 0x000000006aa36000 	C:\Program Files\Java\jdk1.8.0_191\jre\bin\zip.dll
0x00007ff95aa60000 - 0x00007ff95bea0000 	C:\WINDOWS\System32\SHELL32.dll
0x00007ff95a5e0000 - 0x00007ff95a689000 	C:\WINDOWS\System32\shcore.dll
0x00007ff959540000 - 0x00007ff959c4d000 	C:\WINDOWS\System32\windows.storage.dll
0x00007ff95cdd0000 - 0x00007ff95ce21000 	C:\WINDOWS\System32\shlwapi.dll
0x00007ff9591e0000 - 0x00007ff9591f1000 	C:\WINDOWS\System32\kernel.appcore.dll
0x00007ff959220000 - 0x00007ff95923f000 	C:\WINDOWS\System32\profapi.dll
0x00007ff959190000 - 0x00007ff9591dc000 	C:\WINDOWS\System32\powrprof.dll
0x00007ff959180000 - 0x00007ff95918a000 	C:\WINDOWS\System32\FLTLIB.DLL
0x000000006a840000 - 0x000000006a9d9000 	C:\Program Files\Java\jdk1.8.0_191\jre\bin\awt.dll
0x00007ff95cb60000 - 0x00007ff95cc22000 	C:\WINDOWS\System32\OLEAUT32.dll
0x00007ff9574c0000 - 0x00007ff95754b000 	C:\WINDOWS\SYSTEM32\apphelp.dll
0x00007ff957640000 - 0x00007ff9576d8000 	C:\WINDOWS\system32\uxtheme.dll
0x00007ff95c9e0000 - 0x00007ff95cb53000 	C:\WINDOWS\System32\MSCTF.dll
0x00007ff9578c0000 - 0x00007ff9578e9000 	C:\WINDOWS\system32\dwmapi.dll
0x00007ff95a300000 - 0x00007ff95a451000 	C:\WINDOWS\System32\ole32.dll
0x000000006a7f0000 - 0x000000006a837000 	C:\Program Files\Java\jdk1.8.0_191\jre\bin\fontmanager.dll
0x00007ff93d950000 - 0x00007ff93da70000 	C:\WINDOWS\system32\opengl32.dll
0x00007ff9443c0000 - 0x00007ff9443ec000 	C:\WINDOWS\SYSTEM32\GLU32.dll
0x000000006a2b0000 - 0x000000006a2e1000 	C:\Program Files\Java\jdk1.8.0_191\jre\bin\jpeg.dll
0x000000006aa00000 - 0x000000006aa1a000 	C:\Program Files\Java\jdk1.8.0_191\jre\bin\net.dll
0x00007ff9589f0000 - 0x00007ff958a56000 	C:\WINDOWS\system32\mswsock.dll
0x000000006a9e0000 - 0x000000006a9f1000 	C:\Program Files\Java\jdk1.8.0_191\jre\bin\nio.dll
0x000000006a7a0000 - 0x000000006a7e2000 	C:\Program Files\Java\jdk1.8.0_191\jre\bin\t2k.dll
0x00007ff94f090000 - 0x00007ff94f126000 	C:\WINDOWS\System32\TextInputFramework.dll
0x00007ff9537e0000 - 0x00007ff953afe000 	C:\WINDOWS\System32\CoreUIComponents.dll
0x00007ff956920000 - 0x00007ff9569fa000 	C:\WINDOWS\System32\CoreMessaging.dll
0x00007ff958240000 - 0x00007ff958271000 	C:\WINDOWS\SYSTEM32\ntmarta.dll
0x00007ff955340000 - 0x00007ff95548d000 	C:\WINDOWS\SYSTEM32\wintypes.dll
0x000000006a760000 - 0x000000006a78a000 	C:\Program Files\Java\jdk1.8.0_191\jre\bin\dcpr.dll
0x00007ff958730000 - 0x00007ff9587ee000 	C:\WINDOWS\SYSTEM32\DNSAPI.dll
0x00007ff95ce30000 - 0x00007ff95ce38000 	C:\WINDOWS\System32\NSI.dll
0x00007ff9586f0000 - 0x00007ff958728000 	C:\WINDOWS\SYSTEM32\IPHLPAPI.DLL
0x00007ff94a310000 - 0x00007ff94a31a000 	C:\Windows\System32\rasadhlp.dll
0x00007ff94a7a0000 - 0x00007ff94a812000 	C:\WINDOWS\System32\fwpuclnt.dll
0x00007ff958ce0000 - 0x00007ff958d05000 	C:\WINDOWS\SYSTEM32\bcrypt.dll
0x00007ff958ba0000 - 0x00007ff958bb7000 	C:\WINDOWS\SYSTEM32\CRYPTSP.dll
0x00007ff958550000 - 0x00007ff958583000 	C:\WINDOWS\system32\rsaenh.dll
0x00007ff959080000 - 0x00007ff9590a8000 	C:\WINDOWS\SYSTEM32\USERENV.dll
0x00007ff958bc0000 - 0x00007ff958bcb000 	C:\WINDOWS\SYSTEM32\CRYPTBASE.dll
0x00007ff94b4f0000 - 0x00007ff94b506000 	C:\WINDOWS\SYSTEM32\dhcpcsvc6.DLL
0x00007ff94bcc0000 - 0x00007ff94bcda000 	C:\WINDOWS\SYSTEM32\dhcpcsvc.DLL
0x00007ff95bf20000 - 0x00007ff95bfc0000 	C:\WINDOWS\System32\clbcatq.dll
0x00007ff953d40000 - 0x00007ff953eee000 	C:\WINDOWS\SYSTEM32\WindowsCodecs.dll
0x00007ff951970000 - 0x00007ff9519c8000 	C:\WINDOWS\system32\dataexchange.dll
0x00007ff956610000 - 0x00007ff95691b000 	C:\WINDOWS\system32\d3d11.dll
0x00007ff956bc0000 - 0x00007ff956d5c000 	C:\WINDOWS\system32\dcomp.dll
0x00007ff957f10000 - 0x00007ff957fcb000 	C:\WINDOWS\system32\dxgi.dll
0x00007ff957a60000 - 0x00007ff957c18000 	C:\WINDOWS\system32\twinapi.appcore.dll
0x00007ff9579b0000 - 0x00007ff9579d1000 	C:\WINDOWS\system32\RMCLIENT.dll

VM Arguments:
java_command: br.edu.ifms.loja.app.view.JanelaPrincipal
java_class_path (initial): C:\Users\Rodrigo\Documents\4º SEMESTRE\Linguagem de Programação\sistema-loja\target\classes;C:\Users\Rodrigo\.m2\repository\mysql\mysql-connector-java\8.0.15\mysql-connector-java-8.0.15.jar;C:\Users\Rodrigo\.m2\repository\com\google\protobuf\protobuf-java\3.6.1\protobuf-java-3.6.1.jar;C:\Users\Rodrigo\.m2\repository\org\hibernate\hibernate-core\4.3.6.Final\hibernate-core-4.3.6.Final.jar;C:\Users\Rodrigo\.m2\repository\org\jboss\logging\jboss-logging\3.1.3.GA\jboss-logging-3.1.3.GA.jar;C:\Users\Rodrigo\.m2\repository\org\jboss\logging\jboss-logging-annotations\1.2.0.Beta1\jboss-logging-annotations-1.2.0.Beta1.jar;C:\Users\Rodrigo\.m2\repository\org\jboss\spec\javax\transaction\jboss-transaction-api_1.2_spec\1.0.0.Final\jboss-transaction-api_1.2_spec-1.0.0.Final.jar;C:\Users\Rodrigo\.m2\repository\dom4j\dom4j\1.6.1\dom4j-1.6.1.jar;C:\Users\Rodrigo\.m2\repository\xml-apis\xml-apis\1.0.b2\xml-apis-1.0.b2.jar;C:\Users\Rodrigo\.m2\repository\org\hibernate\common\hibernate-commons-annotations\4.0.5.Final\hibernate-commons-annotations-4.0.5.Final.jar;C:\Users\Rodrigo\.m2\repository\org\hibernate\javax\persistence\hibernate-jpa-2.1-api\1.0.0.Final\hibernate-jpa-2.1-api-1.0.0.Final.jar;C:\Users\Rodrigo\.m2\repository\org\javassist\javassist\3.18.1-GA\javassist-3.18.1-GA.jar;C:\Users\Rodrigo\.m2\repository\antlr\antlr\2.7.7\antlr-2.7.7.jar;C:\Users\Rodrigo\.m2\repository\org\jboss\jandex\1.1.0.Final\jandex-1.1.0.Final.jar;C:\Users\Rodrigo\.m2\repository\org\hibernate\hibernate-entitymanager\4.3.1.Final\hibernate-entitymanager-4.3.1.Final.jar;C:\Users\Rodrigo\.m2\repository\com\github\gustavomaruyama-ifms\mjs-components\0.5\mjs-components-0.5.jar
Launcher Type: SUN_STANDARD

Environment Variables:
JAVA_HOME=C:\Program Files\Java\jdk1.8.0_191
PATH="C:\Program Files (x86)\Common Files\Oracle\Java\javapath;C:\xampp\php";C:\WINDOWS\system32;C:\WINDOWS;C:\WINDOWS\System32\Wbem;C:\WINDOWS\System32\WindowsPowerShell\v1.0\;C:\WINDOWS\System32\OpenSSH\;C:\xampp\php\php.exe;C:\Program Files\nodejs\;C:\Program Files\Git\cmd;C:\Users\Rodrigo\AppData\Local\Microsoft\WindowsApps;;C:\Users\Rodrigo\AppData\Local\Programs\Microsoft VS Code\bin;C:\Users\Rodrigo\AppData\Roaming\npm
USERNAME=Rodrigo
OS=Windows_NT
PROCESSOR_IDENTIFIER=Intel64 Family 6 Model 142 Stepping 9, GenuineIntel



---------------  S Y S T E M  ---------------

OS: Windows 10.0 , 64 bit Build 17134 (10.0.17134.753)

CPU:total 2 (initial active 2) (2 cores per cpu, 1 threads per core) family 6 model 142 stepping 9, cmov, cx8, fxsr, mmx, sse, sse2, sse3, ssse3, sse4.1, sse4.2, popcnt, aes, clmul, erms, 3dnowpref, lzcnt, tsc, tscinvbit

Memory: 4k page, physical 8296568k(987204k free), swap 33462392k(424k free)

vm_info: Java HotSpot(TM) 64-Bit Server VM (25.191-b12) for windows-amd64 JRE (1.8.0_191-b12), built on Oct  6 2018 09:29:03 by "java_re" with MS VC++ 10.0 (VS2010)

time: Wed Nov 13 11:39:34 2019
elapsed time: 56 seconds (0d 0h 0m 56s)

