#
# There is insufficient memory for the Java Runtime Environment to continue.
# Native memory allocation (malloc) failed to allocate 32744 bytes for ChunkPool::allocate
# Possible reasons:
#   The system is out of physical RAM or swap space
#   In 32 bit mode, the process size limit was hit
# Possible solutions:
#   Reduce memory load on the system
#   Increase physical memory or swap space
#   Check if swap backing store is full
#   Use 64 bit Java on a 64 bit OS
#   Decrease Java heap size (-Xmx/-Xms)
#   Decrease number of Java threads
#   Decrease Java thread stack sizes (-Xss)
#   Set larger code cache with -XX:ReservedCodeCacheSize=
# This output file may be truncated or incomplete.
#
#  Out of Memory Error (allocation.cpp:273), pid=6284, tid=0x00000000000019d0
#
# JRE version: Java(TM) SE Runtime Environment (8.0_191-b12) (build 1.8.0_191-b12)
# Java VM: Java HotSpot(TM) 64-Bit Server VM (25.191-b12 mixed mode windows-amd64 compressed oops)
# Failed to write core dump. Minidumps are not enabled by default on client versions of Windows
#

---------------  T H R E A D  ---------------

Current thread (0x0000000016c6d000):  JavaThread "C2 CompilerThread0" daemon [_thread_in_native, id=6608, stack(0x0000000017cb0000,0x0000000017db0000)]

Stack: [0x0000000017cb0000,0x0000000017db0000]
[error occurred during error reporting (printing stack bounds), id 0xc0000005]

Native frames: (J=compiled Java code, j=interpreted, Vv=VM code, C=native code)


Current CompileTask:
C2:  31205 2340       4       sun.java2d.pipe.AlphaPaintPipe::renderPathTile (491 bytes)


---------------  P R O C E S S  ---------------

Java Threads: ( => current thread )
  0x000000001bd66000 JavaThread "Image Fetcher 2" daemon [_thread_blocked, id=8080, stack(0x000000001d3d0000,0x000000001d4d0000)]
  0x000000001b940000 JavaThread "Image Fetcher 1" daemon [_thread_blocked, id=8068, stack(0x000000001d2d0000,0x000000001d3d0000)]
  0x000000001bd61800 JavaThread "Image Fetcher 0" daemon [_thread_blocked, id=8020, stack(0x000000001d1d0000,0x000000001d2d0000)]
  0x000000001834d800 JavaThread "pool-1-thread-1" [_thread_blocked, id=7892, stack(0x000000001c8d0000,0x000000001c9d0000)]
  0x000000001834b000 JavaThread "mysql-cj-abandoned-connection-cleanup" daemon [_thread_blocked, id=7880, stack(0x000000001b600000,0x000000001b700000)]
  0x0000000018a47000 JavaThread "TimerQueue" daemon [_thread_blocked, id=7872, stack(0x000000001ad00000,0x000000001ae00000)]
  0x0000000002252800 JavaThread "DestroyJavaVM" [_thread_blocked, id=5444, stack(0x00000000020e0000,0x00000000021e0000)]
  0x00000000186d7800 JavaThread "AWT-EventQueue-0" [_thread_blocked, id=7424, stack(0x0000000019ac0000,0x0000000019bc0000)]
  0x000000001863b800 JavaThread "AWT-Windows" daemon [_thread_in_native, id=7416, stack(0x0000000019000000,0x0000000019100000)]
  0x000000001863a800 JavaThread "AWT-Shutdown" [_thread_blocked, id=1348, stack(0x0000000018f00000,0x0000000019000000)]
  0x0000000018639000 JavaThread "Java2D Disposer" daemon [_thread_blocked, id=5828, stack(0x0000000018e00000,0x0000000018f00000)]
  0x0000000016cfa000 JavaThread "Service Thread" daemon [_thread_blocked, id=6568, stack(0x0000000017eb0000,0x0000000017fb0000)]
  0x0000000016cad800 JavaThread "C1 CompilerThread1" daemon [_thread_blocked, id=3060, stack(0x0000000017db0000,0x0000000017eb0000)]
=>0x0000000016c6d000 JavaThread "C2 CompilerThread0" daemon [_thread_in_native, id=6608, stack(0x0000000017cb0000,0x0000000017db0000)]
  0x0000000016c6c000 JavaThread "Attach Listener" daemon [_thread_blocked, id=6616, stack(0x0000000017bb0000,0x0000000017cb0000)]
  0x0000000016c69000 JavaThread "Signal Dispatcher" daemon [_thread_blocked, id=6628, stack(0x0000000017ab0000,0x0000000017bb0000)]
  0x000000000234b000 JavaThread "Finalizer" daemon [_thread_blocked, id=7264, stack(0x00000000178a0000,0x00000000179a0000)]
  0x0000000016c58000 JavaThread "Reference Handler" daemon [_thread_blocked, id=5448, stack(0x00000000177a0000,0x00000000178a0000)]

Other Threads:
  0x0000000016c36800 VMThread [stack: 0x00000000176a0000,0x00000000177a0000] [id=6668]
  0x0000000016cfb000 WatcherThread [stack: 0x0000000018100000,0x0000000018200000] [id=1640]

VM state:not at safepoint (normal execution)

VM Mutex/Monitor currently owned by a thread: None

Heap:
 PSYoungGen      total 38400K, used 26538K [0x00000000d5d00000, 0x00000000d8780000, 0x0000000100000000)
  eden space 33280K, 64% used [0x00000000d5d00000,0x00000000d71ecf28,0x00000000d7d80000)
  from space 5120K, 99% used [0x00000000d8280000,0x00000000d877d998,0x00000000d8780000)
  to   space 5120K, 0% used [0x00000000d7d80000,0x00000000d7d80000,0x00000000d8280000)
 ParOldGen       total 66048K, used 18352K [0x0000000081600000, 0x0000000085680000, 0x00000000d5d00000)
  object space 66048K, 27% used [0x0000000081600000,0x00000000827ec010,0x0000000085680000)
 Metaspace       used 33344K, capacity 33694K, committed 34048K, reserved 1079296K
  class space    used 4380K, capacity 4483K, committed 4608K, reserved 1048576K

Card table byte_map: [0x0000000011710000,0x0000000011b10000] byte_map_base: 0x0000000011305000

Marking Bits: (ParMarkBitMap*) 0x00000000617a3e30
 Begin Bits: [0x0000000011fc0000, 0x0000000013f68000)
 End Bits:   [0x0000000013f68000, 0x0000000015f10000)

Polling page: 0x0000000000650000

CodeCache: size=245760Kb used=7390Kb max_used=7390Kb free=238369Kb
 bounds [0x0000000002350000, 0x0000000002a90000, 0x0000000011350000]
 total_blobs=2971 nmethods=2330 adapters=552
 compilation: enabled

Compilation events (10 events):
Event: 31.033 Thread 0x0000000016cad800 nmethod 2338 0x0000000002a87490 code [0x0000000002a87600, 0x0000000002a87878]
Event: 31.033 Thread 0x0000000016c6d000 2339       4       java.awt.MultipleGradientPaintContext::getRaster (110 bytes)
Event: 31.050 Thread 0x0000000016c6d000 nmethod 2339 0x0000000002a89090 code [0x0000000002a89260, 0x0000000002a89dc8]
Event: 31.050 Thread 0x0000000016c6d000 2340       4       sun.java2d.pipe.AlphaPaintPipe::renderPathTile (491 bytes)
Event: 31.060 Thread 0x0000000016cad800 2341       3       sun.java2d.pipe.DrawImage::scaleImage (84 bytes)
Event: 31.061 Thread 0x0000000016cad800 nmethod 2341 0x0000000002a88290 code [0x0000000002a88460, 0x0000000002a88ce8]
Event: 31.061 Thread 0x0000000016cad800 2342       3       sun.java2d.loops.Blit$GeneralMaskBlit::Blit (28 bytes)
Event: 31.061 Thread 0x0000000016cad800 nmethod 2342 0x0000000002a87d90 code [0x0000000002a87f00, 0x0000000002a88188]
Event: 31.088 Thread 0x0000000016cad800 2343       3       java.awt.Container::findComponentAtImpl (161 bytes)
Event: 31.089 Thread 0x0000000016cad800 nmethod 2343 0x0000000002a8a9d0 code [0x0000000002a8abe0, 0x0000000002a8b8e8]

GC Heap History (10 events):
Event: 23.419 GC heap before
{Heap before GC invocations=1 (full 0):
 PSYoungGen      total 38400K, used 33280K [0x00000000d5d00000, 0x00000000d8780000, 0x0000000100000000)
  eden space 33280K, 100% used [0x00000000d5d00000,0x00000000d7d80000,0x00000000d7d80000)
  from space 5120K, 0% used [0x00000000d8280000,0x00000000d8280000,0x00000000d8780000)
  to   space 5120K, 0% used [0x00000000d7d80000,0x00000000d7d80000,0x00000000d8280000)
 ParOldGen       total 87552K, used 0K [0x0000000081600000, 0x0000000086b80000, 0x00000000d5d00000)
  object space 87552K, 0% used [0x0000000081600000,0x0000000081600000,0x0000000086b80000)
 Metaspace       used 13220K, capacity 13420K, committed 13568K, reserved 1060864K
  class space    used 1693K, capacity 1768K, committed 1792K, reserved 1048576K
Event: 23.432 GC heap after
Heap after GC invocations=1 (full 0):
 PSYoungGen      total 38400K, used 3395K [0x00000000d5d00000, 0x00000000d8780000, 0x0000000100000000)
  eden space 33280K, 0% used [0x00000000d5d00000,0x00000000d5d00000,0x00000000d7d80000)
  from space 5120K, 66% used [0x00000000d7d80000,0x00000000d80d0c20,0x00000000d8280000)
  to   space 5120K, 0% used [0x00000000d8280000,0x00000000d8280000,0x00000000d8780000)
 ParOldGen       total 87552K, used 10703K [0x0000000081600000, 0x0000000086b80000, 0x00000000d5d00000)
  object space 87552K, 12% used [0x0000000081600000,0x0000000082073c20,0x0000000086b80000)
 Metaspace       used 13220K, capacity 13420K, committed 13568K, reserved 1060864K
  class space    used 1693K, capacity 1768K, committed 1792K, reserved 1048576K
}
Event: 26.194 GC heap before
{Heap before GC invocations=2 (full 0):
 PSYoungGen      total 38400K, used 36637K [0x00000000d5d00000, 0x00000000d8780000, 0x0000000100000000)
  eden space 33280K, 99% used [0x00000000d5d00000,0x00000000d7d769a0,0x00000000d7d80000)
  from space 5120K, 66% used [0x00000000d7d80000,0x00000000d80d0c20,0x00000000d8280000)
  to   space 5120K, 0% used [0x00000000d8280000,0x00000000d8280000,0x00000000d8780000)
 ParOldGen       total 87552K, used 10703K [0x0000000081600000, 0x0000000086b80000, 0x00000000d5d00000)
  object space 87552K, 12% used [0x0000000081600000,0x0000000082073c20,0x0000000086b80000)
 Metaspace       used 19662K, capacity 19896K, committed 20096K, reserved 1067008K
  class space    used 2513K, capacity 2604K, committed 2688K, reserved 1048576K
Event: 26.205 GC heap after
Heap after GC invocations=2 (full 0):
 PSYoungGen      total 38400K, used 5115K [0x00000000d5d00000, 0x00000000d8780000, 0x0000000100000000)
  eden space 33280K, 0% used [0x00000000d5d00000,0x00000000d5d00000,0x00000000d7d80000)
  from space 5120K, 99% used [0x00000000d8280000,0x00000000d877ed28,0x00000000d8780000)
  to   space 5120K, 0% used [0x00000000d7d80000,0x00000000d7d80000,0x00000000d8280000)
 ParOldGen       total 87552K, used 12174K [0x0000000081600000, 0x0000000086b80000, 0x00000000d5d00000)
  object space 87552K, 13% used [0x0000000081600000,0x00000000821e3bf0,0x0000000086b80000)
 Metaspace       used 19662K, capacity 19896K, committed 20096K, reserved 1067008K
  class space    used 2513K, capacity 2604K, committed 2688K, reserved 1048576K
}
Event: 26.387 GC heap before
{Heap before GC invocations=3 (full 0):
 PSYoungGen      total 38400K, used 11441K [0x00000000d5d00000, 0x00000000d8780000, 0x0000000100000000)
  eden space 33280K, 19% used [0x00000000d5d00000,0x00000000d632d978,0x00000000d7d80000)
  from space 5120K, 99% used [0x00000000d8280000,0x00000000d877ed28,0x00000000d8780000)
  to   space 5120K, 0% used [0x00000000d7d80000,0x00000000d7d80000,0x00000000d8280000)
 ParOldGen       total 87552K, used 12174K [0x0000000081600000, 0x0000000086b80000, 0x00000000d5d00000)
  object space 87552K, 13% used [0x0000000081600000,0x00000000821e3bf0,0x0000000086b80000)
 Metaspace       used 20870K, capacity 21118K, committed 21248K, reserved 1067008K
  class space    used 2715K, capacity 2797K, committed 2816K, reserved 1048576K
Event: 26.396 GC heap after
Heap after GC invocations=3 (full 0):
 PSYoungGen      total 38400K, used 5102K [0x00000000d5d00000, 0x00000000d8780000, 0x0000000100000000)
  eden space 33280K, 0% used [0x00000000d5d00000,0x00000000d5d00000,0x00000000d7d80000)
  from space 5120K, 99% used [0x00000000d7d80000,0x00000000d827b878,0x00000000d8280000)
  to   space 5120K, 0% used [0x00000000d8280000,0x00000000d8280000,0x00000000d8780000)
 ParOldGen       total 87552K, used 12685K [0x0000000081600000, 0x0000000086b80000, 0x00000000d5d00000)
  object space 87552K, 14% used [0x0000000081600000,0x0000000082263588,0x0000000086b80000)
 Metaspace       used 20870K, capacity 21118K, committed 21248K, reserved 1067008K
  class space    used 2715K, capacity 2797K, committed 2816K, reserved 1048576K
}
Event: 26.396 GC heap before
{Heap before GC invocations=4 (full 1):
 PSYoungGen      total 38400K, used 5102K [0x00000000d5d00000, 0x00000000d8780000, 0x0000000100000000)
  eden space 33280K, 0% used [0x00000000d5d00000,0x00000000d5d00000,0x00000000d7d80000)
  from space 5120K, 99% used [0x00000000d7d80000,0x00000000d827b878,0x00000000d8280000)
  to   space 5120K, 0% used [0x00000000d8280000,0x00000000d8280000,0x00000000d8780000)
 ParOldGen       total 87552K, used 12685K [0x0000000081600000, 0x0000000086b80000, 0x00000000d5d00000)
  object space 87552K, 14% used [0x0000000081600000,0x0000000082263588,0x0000000086b80000)
 Metaspace       used 20870K, capacity 21118K, committed 21248K, reserved 1067008K
  class space    used 2715K, capacity 2797K, committed 2816K, reserved 1048576K
Event: 26.438 GC heap after
Heap after GC invocations=4 (full 1):
 PSYoungGen      total 38400K, used 0K [0x00000000d5d00000, 0x00000000d8780000, 0x0000000100000000)
  eden space 33280K, 0% used [0x00000000d5d00000,0x00000000d5d00000,0x00000000d7d80000)
  from space 5120K, 0% used [0x00000000d7d80000,0x00000000d7d80000,0x00000000d8280000)
  to   space 5120K, 0% used [0x00000000d8280000,0x00000000d8280000,0x00000000d8780000)
 ParOldGen       total 66048K, used 16262K [0x0000000081600000, 0x0000000085680000, 0x00000000d5d00000)
  object space 66048K, 24% used [0x0000000081600000,0x00000000825e1828,0x0000000085680000)
 Metaspace       used 20870K, capacity 21118K, committed 21248K, reserved 1067008K
  class space    used 2715K, capacity 2797K, committed 2816K, reserved 1048576K
}
Event: 27.618 GC heap before
{Heap before GC invocations=5 (full 1):
 PSYoungGen      total 38400K, used 33280K [0x00000000d5d00000, 0x00000000d8780000, 0x0000000100000000)
  eden space 33280K, 100% used [0x00000000d5d00000,0x00000000d7d80000,0x00000000d7d80000)
  from space 5120K, 0% used [0x00000000d7d80000,0x00000000d7d80000,0x00000000d8280000)
  to   space 5120K, 0% used [0x00000000d8280000,0x00000000d8280000,0x00000000d8780000)
 ParOldGen       total 66048K, used 16262K [0x0000000081600000, 0x0000000085680000, 0x00000000d5d00000)
  object space 66048K, 24% used [0x0000000081600000,0x00000000825e1828,0x0000000085680000)
 Metaspace       used 28049K, capacity 28416K, committed 28672K, reserved 1075200K
  class space    used 3652K, capacity 3752K, committed 3840K, reserved 1048576K
Event: 27.628 GC heap after
Heap after GC invocations=5 (full 1):
 PSYoungGen      total 38400K, used 5110K [0x00000000d5d00000, 0x00000000d8780000, 0x0000000100000000)
  eden space 33280K, 0% used [0x00000000d5d00000,0x00000000d5d00000,0x00000000d7d80000)
  from space 5120K, 99% used [0x00000000d8280000,0x00000000d877d998,0x00000000d8780000)
  to   space 5120K, 0% used [0x00000000d7d80000,0x00000000d7d80000,0x00000000d8280000)
 ParOldGen       total 66048K, used 18352K [0x0000000081600000, 0x0000000085680000, 0x00000000d5d00000)
  object space 66048K, 27% used [0x0000000081600000,0x00000000827ec010,0x0000000085680000)
 Metaspace       used 28049K, capacity 28416K, committed 28672K, reserved 1075200K
  class space    used 3652K, capacity 3752K, committed 3840K, reserved 1048576K
}

Deoptimization events (10 events):
Event: 26.751 Thread 0x00000000186d7800 Uncommon trap: reason=unstable_if action=reinterpret pc=0x00000000028b9ed0 method=java.util.Properties.loadConvert([CII[C)Ljava/lang/String; @ 4
Event: 26.754 Thread 0x00000000186d7800 Uncommon trap: reason=unstable_if action=reinterpret pc=0x00000000028bd204 method=java.util.Properties$LineReader.readLine()I @ 252
Event: 26.796 Thread 0x00000000186d7800 Uncommon trap: reason=unstable_if action=reinterpret pc=0x00000000028c5e38 method=java.util.Properties$LineReader.readLine()I @ 174
Event: 26.797 Thread 0x00000000186d7800 Uncommon trap: reason=predicate action=maybe_recompile pc=0x000000000289a234 method=sun.net.www.ParseUtil.encodePath(Ljava/lang/String;Z)Ljava/lang/String; @ 36
Event: 27.980 Thread 0x00000000186d7800 Uncommon trap: reason=unstable_if action=reinterpret pc=0x0000000002897348 method=java.io.WinNTFileSystem.normalize(Ljava/lang/String;)Ljava/lang/String; @ 128
Event: 29.783 Thread 0x00000000186d7800 Uncommon trap: reason=unstable_if action=reinterpret pc=0x00000000024781c0 method=java.lang.CharacterData.of(I)Ljava/lang/CharacterData; @ 4
Event: 29.886 Thread 0x00000000186d7800 Uncommon trap: reason=unstable_if action=reinterpret pc=0x00000000028f3384 method=java.lang.String.indexOf([CII[CIII)I @ 27
Event: 29.886 Thread 0x00000000186d7800 Uncommon trap: reason=unstable_if action=reinterpret pc=0x000000000295f214 method=java.lang.String.indexOf([CII[CIII)I @ 27
Event: 30.146 Thread 0x00000000186d7800 Uncommon trap: reason=null_check action=make_not_entrant pc=0x000000000247e520 method=javax.swing.plaf.nimbus.DerivedColor.equals(Ljava/lang/Object;)Z @ 8
Event: 31.082 Thread 0x00000000186d7800 Uncommon trap: reason=unstable_if action=reinterpret pc=0x000000000272cd24 method=java.awt.Container.findComponentAtImpl(IIZ)Ljava/awt/Component; @ 24

Classes redefined (0 events):
No events

Internal exceptions (10 events):
Event: 1.814 Thread 0x0000000002252800 Exception <a 'java/lang/ClassNotFoundException': Tree> (0x00000000d619d140) thrown at [C:\re\workspace\8-2-build-windows-amd64-cygwin\jdk8u191\11896\hotspot\src\share\vm\classfile\systemDictionary.cpp, line 210]
Event: 1.814 Thread 0x0000000002252800 Exception <a 'java/lang/ClassNotFoundException': Tree> (0x00000000d619d880) thrown at [C:\re\workspace\8-2-build-windows-amd64-cygwin\jdk8u191\11896\hotspot\src\share\vm\classfile\systemDictionary.cpp, line 210]
Event: 1.814 Thread 0x0000000002252800 Exception <a 'java/lang/ClassNotFoundException': javax/swing/JTreeCell> (0x00000000d619dc00) thrown at [C:\re\workspace\8-2-build-windows-amd64-cygwin\jdk8u191\11896\hotspot\src\share\vm\classfile\systemDictionary.cpp, line 210]
Event: 1.814 Thread 0x0000000002252800 Exception <a 'java/lang/ClassNotFoundException': TreeCell> (0x00000000d619e088) thrown at [C:\re\workspace\8-2-build-windows-amd64-cygwin\jdk8u191\11896\hotspot\src\share\vm\classfile\systemDictionary.cpp, line 210]
Event: 1.816 Thread 0x0000000002252800 Exception <a 'java/lang/ClassNotFoundException': RootPane> (0x00000000d619eae8) thrown at [C:\re\workspace\8-2-build-windows-amd64-cygwin\jdk8u191\11896\hotspot\src\share\vm\classfile\systemDictionary.cpp, line 210]
Event: 24.710 Thread 0x00000000186d7800 Exception <a 'java/lang/ArrayIndexOutOfBoundsException': 18> (0x00000000d5d3fd78) thrown at [C:\re\workspace\8-2-build-windows-amd64-cygwin\jdk8u191\11896\hotspot\src\share\vm\interpreter\interpreterRuntime.cpp, line 366]
Event: 24.710 Thread 0x00000000186d7800 Exception <a 'java/lang/ArrayIndexOutOfBoundsException': 78> (0x00000000d5d40f28) thrown at [C:\re\workspace\8-2-build-windows-amd64-cygwin\jdk8u191\11896\hotspot\src\share\vm\interpreter\interpreterRuntime.cpp, line 366]
Event: 24.764 Thread 0x00000000186d7800 Exception <a 'java/lang/ArrayIndexOutOfBoundsException': 40> (0x00000000d5d44938) thrown at [C:\re\workspace\8-2-build-windows-amd64-cygwin\jdk8u191\11896\hotspot\src\share\vm\interpreter\interpreterRuntime.cpp, line 366]
Event: 26.964 Thread 0x00000000186d7800 Exception <a 'java/lang/NullPointerException'> (0x00000000d684ea58) thrown at [C:\re\workspace\8-2-build-windows-amd64-cygwin\jdk8u191\11896\hotspot\src\share\vm\runtime\reflection.cpp, line 922]
Event: 30.146 Thread 0x00000000186d7800 Implicit null exception at 0x000000000247e21a to 0x000000000247e511

Events (10 events):
Event: 30.558 Executing VM operation: RevokeBias done
Event: 30.559 Executing VM operation: RevokeBias
Event: 30.559 Executing VM operation: RevokeBias done
Event: 30.559 Executing VM operation: RevokeBias
Event: 30.559 Executing VM operation: RevokeBias done
Event: 30.609 loading class javax/swing/event/AncestorEvent
Event: 30.616 loading class javax/swing/event/AncestorEvent done
Event: 31.082 Thread 0x00000000186d7800 Uncommon trap: trap_request=0xffffff65 fr.pc=0x000000000272cd24
Event: 31.082 Thread 0x00000000186d7800 DEOPT PACKING pc=0x000000000272cd24 sp=0x0000000019bba710
Event: 31.082 Thread 0x00000000186d7800 DEOPT UNPACKING pc=0x000000000239583b sp=0x0000000019bba6c8 mode 2


Dynamic libraries:
0x00007ff6fba40000 - 0x00007ff6fba77000 	C:\Program Files\Java\jdk1.8.0_191\bin\java.exe
0x00007ffd150c0000 - 0x00007ffd152a1000 	C:\WINDOWS\SYSTEM32\ntdll.dll
0x00007ffcf7c30000 - 0x00007ffcf7c44000 	C:\Program Files\AVAST Software\Avast\aswhook.dll
0x00007ffd12c30000 - 0x00007ffd12ce1000 	C:\WINDOWS\System32\KERNEL32.DLL
0x00007ffd122b0000 - 0x00007ffd12523000 	C:\WINDOWS\System32\KERNELBASE.dll
0x00007ffd14550000 - 0x00007ffd145f1000 	C:\WINDOWS\System32\ADVAPI32.dll
0x00007ffd14690000 - 0x00007ffd1472e000 	C:\WINDOWS\System32\msvcrt.dll
0x00007ffd127b0000 - 0x00007ffd1280b000 	C:\WINDOWS\System32\sechost.dll
0x00007ffd14320000 - 0x00007ffd14444000 	C:\WINDOWS\System32\RPCRT4.dll
0x00007ffd125c0000 - 0x00007ffd12750000 	C:\WINDOWS\System32\USER32.dll
0x00007ffd12530000 - 0x00007ffd12550000 	C:\WINDOWS\System32\win32u.dll
0x00007ffd14450000 - 0x00007ffd14478000 	C:\WINDOWS\System32\GDI32.dll
0x00007ffd11ca0000 - 0x00007ffd11e31000 	C:\WINDOWS\System32\gdi32full.dll
0x00007ffd11e40000 - 0x00007ffd11edf000 	C:\WINDOWS\System32\msvcp_win.dll
0x00007ffd11490000 - 0x00007ffd11588000 	C:\WINDOWS\System32\ucrtbase.dll
0x00007ffcfc4e0000 - 0x00007ffcfc749000 	C:\WINDOWS\WinSxS\amd64_microsoft.windows.common-controls_6595b64144ccf1df_6.0.17134.950_none_fb3da4273069d3e0\COMCTL32.dll
0x00007ffd14cf0000 - 0x00007ffd15012000 	C:\WINDOWS\System32\combase.dll
0x00007ffd11f90000 - 0x00007ffd12009000 	C:\WINDOWS\System32\bcryptPrimitives.dll
0x00007ffd129b0000 - 0x00007ffd129dd000 	C:\WINDOWS\System32\IMM32.DLL
0x0000000060ea0000 - 0x0000000060f72000 	C:\Program Files\Java\jdk1.8.0_191\jre\bin\msvcr100.dll
0x0000000060f80000 - 0x0000000061824000 	C:\Program Files\Java\jdk1.8.0_191\jre\bin\server\jvm.dll
0x00007ffd14600000 - 0x00007ffd14608000 	C:\WINDOWS\System32\PSAPI.DLL
0x00007ffd01540000 - 0x00007ffd01549000 	C:\WINDOWS\SYSTEM32\WSOCK32.dll
0x00007ffd15020000 - 0x00007ffd1508c000 	C:\WINDOWS\System32\WS2_32.dll
0x00007ffd0f5f0000 - 0x00007ffd0f613000 	C:\WINDOWS\SYSTEM32\WINMM.dll
0x00007ffd06c90000 - 0x00007ffd06c9a000 	C:\WINDOWS\SYSTEM32\VERSION.dll
0x00007ffd0f5c0000 - 0x00007ffd0f5ea000 	C:\WINDOWS\SYSTEM32\WINMMBASE.dll
0x00007ffd12260000 - 0x00007ffd122a9000 	C:\WINDOWS\System32\cfgmgr32.dll
0x0000000061a10000 - 0x0000000061a1f000 	C:\Program Files\Java\jdk1.8.0_191\jre\bin\verify.dll
0x0000000060e30000 - 0x0000000060e59000 	C:\Program Files\Java\jdk1.8.0_191\jre\bin\java.dll
0x00000000619f0000 - 0x0000000061a06000 	C:\Program Files\Java\jdk1.8.0_191\jre\bin\zip.dll
0x00007ffd12ee0000 - 0x00007ffd14320000 	C:\WINDOWS\System32\SHELL32.dll
0x00007ffd14ba0000 - 0x00007ffd14c49000 	C:\WINDOWS\System32\shcore.dll
0x00007ffd11590000 - 0x00007ffd11c9d000 	C:\WINDOWS\System32\windows.storage.dll
0x00007ffd12550000 - 0x00007ffd125a1000 	C:\WINDOWS\System32\shlwapi.dll
0x00007ffd11400000 - 0x00007ffd11411000 	C:\WINDOWS\System32\kernel.appcore.dll
0x00007ffd11420000 - 0x00007ffd1143f000 	C:\WINDOWS\System32\profapi.dll
0x00007ffd11440000 - 0x00007ffd1148c000 	C:\WINDOWS\System32\powrprof.dll
0x00007ffd113d0000 - 0x00007ffd113da000 	C:\WINDOWS\System32\FLTLIB.DLL
0x0000000060c50000 - 0x0000000060de9000 	C:\Program Files\Java\jdk1.8.0_191\jre\bin\awt.dll
0x00007ffd14480000 - 0x00007ffd14542000 	C:\WINDOWS\System32\OLEAUT32.dll
0x00007ffd0f710000 - 0x00007ffd0f79b000 	C:\WINDOWS\SYSTEM32\apphelp.dll
0x00007ffd0f890000 - 0x00007ffd0f928000 	C:\WINDOWS\system32\uxtheme.dll
0x00007ffd12d60000 - 0x00007ffd12ed3000 	C:\WINDOWS\System32\MSCTF.dll
0x00007ffd0fb20000 - 0x00007ffd0fb49000 	C:\WINDOWS\system32\dwmapi.dll
0x00007ffd129e0000 - 0x00007ffd12b31000 	C:\WINDOWS\System32\ole32.dll
0x0000000060c00000 - 0x0000000060c47000 	C:\Program Files\Java\jdk1.8.0_191\jre\bin\fontmanager.dll
0x00007ffcf5ab0000 - 0x00007ffcf5bd0000 	C:\WINDOWS\system32\opengl32.dll
0x00007ffcfbe90000 - 0x00007ffcfbebc000 	C:\WINDOWS\SYSTEM32\GLU32.dll
0x0000000062310000 - 0x0000000062341000 	C:\Program Files\Java\jdk1.8.0_191\jre\bin\jpeg.dll
0x0000000060e10000 - 0x0000000060e2a000 	C:\Program Files\Java\jdk1.8.0_191\jre\bin\net.dll
0x00007ffd10bf0000 - 0x00007ffd10c56000 	C:\WINDOWS\system32\mswsock.dll
0x0000000060df0000 - 0x0000000060e01000 	C:\Program Files\Java\jdk1.8.0_191\jre\bin\nio.dll
0x0000000060bb0000 - 0x0000000060bf2000 	C:\Program Files\Java\jdk1.8.0_191\jre\bin\t2k.dll
0x00007ffd05420000 - 0x00007ffd054b6000 	C:\WINDOWS\System32\TextInputFramework.dll
0x00007ffd0d260000 - 0x00007ffd0d57e000 	C:\WINDOWS\System32\CoreUIComponents.dll
0x00007ffd0ef50000 - 0x00007ffd0f02a000 	C:\WINDOWS\System32\CoreMessaging.dll
0x00007ffd10490000 - 0x00007ffd104c1000 	C:\WINDOWS\SYSTEM32\ntmarta.dll
0x00007ffd0d110000 - 0x00007ffd0d25d000 	C:\WINDOWS\SYSTEM32\wintypes.dll
0x0000000060b70000 - 0x0000000060b9a000 	C:\Program Files\Java\jdk1.8.0_191\jre\bin\dcpr.dll
0x00007ffd10980000 - 0x00007ffd10a3e000 	C:\WINDOWS\SYSTEM32\DNSAPI.dll
0x00007ffd125b0000 - 0x00007ffd125b8000 	C:\WINDOWS\System32\NSI.dll
0x00007ffd10940000 - 0x00007ffd10978000 	C:\WINDOWS\SYSTEM32\IPHLPAPI.DLL
0x00007ffd021c0000 - 0x00007ffd021ca000 	C:\Windows\System32\rasadhlp.dll
0x00007ffd02e10000 - 0x00007ffd02e82000 	C:\WINDOWS\System32\fwpuclnt.dll
0x00007ffd10f30000 - 0x00007ffd10f55000 	C:\WINDOWS\SYSTEM32\bcrypt.dll
0x00007ffd10da0000 - 0x00007ffd10db7000 	C:\WINDOWS\SYSTEM32\CRYPTSP.dll
0x00007ffd107a0000 - 0x00007ffd107d3000 	C:\WINDOWS\system32\rsaenh.dll
0x00007ffd112d0000 - 0x00007ffd112f8000 	C:\WINDOWS\SYSTEM32\USERENV.dll
0x00007ffd10dc0000 - 0x00007ffd10dcb000 	C:\WINDOWS\SYSTEM32\CRYPTBASE.dll
0x00007ffd073d0000 - 0x00007ffd073e6000 	C:\WINDOWS\SYSTEM32\dhcpcsvc6.DLL
0x00007ffd08820000 - 0x00007ffd0883a000 	C:\WINDOWS\SYSTEM32\dhcpcsvc.DLL
0x00007ffd14c50000 - 0x00007ffd14cf0000 	C:\WINDOWS\System32\clbcatq.dll
0x00007ffd0dad0000 - 0x00007ffd0dc7e000 	C:\WINDOWS\SYSTEM32\WindowsCodecs.dll
0x00007ffcf9020000 - 0x00007ffcf9078000 	C:\WINDOWS\system32\dataexchange.dll
0x00007ffd0e450000 - 0x00007ffd0e75b000 	C:\WINDOWS\system32\d3d11.dll
0x00007ffd0ed60000 - 0x00007ffd0eefc000 	C:\WINDOWS\system32\dcomp.dll
0x00007ffd10110000 - 0x00007ffd101cb000 	C:\WINDOWS\system32\dxgi.dll
0x00007ffd0fcb0000 - 0x00007ffd0fe68000 	C:\WINDOWS\system32\twinapi.appcore.dll
0x00007ffd0fc30000 - 0x00007ffd0fc51000 	C:\WINDOWS\system32\RMCLIENT.dll

VM Arguments:
java_command: br.edu.ifms.loja.app.view.JanelaPrincipal
java_class_path (initial): C:\Users\Rodrigo\Documents\4º SEMESTRE\Linguagem de Programação\sistema-loja\target\classes;C:\Users\Rodrigo\.m2\repository\mysql\mysql-connector-java\8.0.15\mysql-connector-java-8.0.15.jar;C:\Users\Rodrigo\.m2\repository\com\google\protobuf\protobuf-java\3.6.1\protobuf-java-3.6.1.jar;C:\Users\Rodrigo\.m2\repository\org\hibernate\hibernate-core\4.3.6.Final\hibernate-core-4.3.6.Final.jar;C:\Users\Rodrigo\.m2\repository\org\jboss\logging\jboss-logging\3.1.3.GA\jboss-logging-3.1.3.GA.jar;C:\Users\Rodrigo\.m2\repository\org\jboss\logging\jboss-logging-annotations\1.2.0.Beta1\jboss-logging-annotations-1.2.0.Beta1.jar;C:\Users\Rodrigo\.m2\repository\org\jboss\spec\javax\transaction\jboss-transaction-api_1.2_spec\1.0.0.Final\jboss-transaction-api_1.2_spec-1.0.0.Final.jar;C:\Users\Rodrigo\.m2\repository\dom4j\dom4j\1.6.1\dom4j-1.6.1.jar;C:\Users\Rodrigo\.m2\repository\xml-apis\xml-apis\1.0.b2\xml-apis-1.0.b2.jar;C:\Users\Rodrigo\.m2\repository\org\hibernate\common\hibernate-commons-annotations\4.0.5.Final\hibernate-commons-annotations-4.0.5.Final.jar;C:\Users\Rodrigo\.m2\repository\org\hibernate\javax\persistence\hibernate-jpa-2.1-api\1.0.0.Final\hibernate-jpa-2.1-api-1.0.0.Final.jar;C:\Users\Rodrigo\.m2\repository\org\javassist\javassist\3.18.1-GA\javassist-3.18.1-GA.jar;C:\Users\Rodrigo\.m2\repository\antlr\antlr\2.7.7\antlr-2.7.7.jar;C:\Users\Rodrigo\.m2\repository\org\jboss\jandex\1.1.0.Final\jandex-1.1.0.Final.jar;C:\Users\Rodrigo\.m2\repository\org\hibernate\hibernate-entitymanager\4.3.1.Final\hibernate-entitymanager-4.3.1.Final.jar;C:\Users\Rodrigo\.m2\repository\com\github\gustavomaruyama-ifms\mjs-components\0.5\mjs-components-0.5.jar
Launcher Type: SUN_STANDARD

Environment Variables:
JAVA_HOME=C:\Program Files\Java\jdk1.8.0_191
PATH="C:\Program Files (x86)\Common Files\Oracle\Java\javapath;C:\xampp\php";C:\WINDOWS\system32;C:\WINDOWS;C:\WINDOWS\System32\Wbem;C:\WINDOWS\System32\WindowsPowerShell\v1.0\;C:\WINDOWS\System32\OpenSSH\;C:\xampp\php\php.exe;C:\Program Files\nodejs\;C:\Program Files\Git\cmd;C:\Users\Rodrigo\AppData\Local\Microsoft\WindowsApps;;C:\Users\Rodrigo\AppData\Local\Programs\Microsoft VS Code\bin;C:\Users\Rodrigo\AppData\Roaming\npm
USERNAME=Rodrigo
OS=Windows_NT
PROCESSOR_IDENTIFIER=Intel64 Family 6 Model 142 Stepping 9, GenuineIntel



---------------  S Y S T E M  ---------------

OS: Windows 10.0 , 64 bit Build 17134 (10.0.17134.753)

CPU:total 2 (initial active 2) (2 cores per cpu, 1 threads per core) family 6 model 142 stepping 9, cmov, cx8, fxsr, mmx, sse, sse2, sse3, ssse3, sse4.1, sse4.2, popcnt, aes, clmul, erms, 3dnowpref, lzcnt, tsc, tscinvbit

Memory: 4k page, physical 8296568k(896272k free), swap 33462392k(13404k free)

vm_info: Java HotSpot(TM) 64-Bit Server VM (25.191-b12) for windows-amd64 JRE (1.8.0_191-b12), built on Oct  6 2018 09:29:03 by "java_re" with MS VC++ 10.0 (VS2010)

time: Mon Nov 11 20:16:33 2019
elapsed time: 31 seconds (0d 0h 0m 31s)

